<?xml version="1.0" encoding="UTF-8"?>
<!-- Generated by org.testng.reporters.JUnitXMLReporter -->
<testsuite hostname="STV-PC-032" ignored="2" name="Test Automation for Dart" tests="3" failures="0" timestamp="2022-09-16T18:25:30 IST" time="131.972" errors="0">
  <testcase name="LoginMethodDart" time="25.702" classname="test.java.dart.LoginTest"/>
  <testcase name="AddNewUserMethod" time="48.533" classname="test.java.dart.AddNewUserTest"/>
  <testcase name="LoginMethodDart" time="25.65" classname="test.java.dart.LoginTest"/>
  <testcase name="@AfterTest afterTestMethod" time="0.0" classname="test.java.BaseTest">
    <ignored/>
  </testcase> <!-- @AfterTest afterTestMethod -->
  <testcase name="@BeforeTest beforeTestMethod" time="0.0" classname="test.java.BaseTest">
    <ignored/>
  </testcase> <!-- @BeforeTest beforeTestMethod -->
</testsuite> <!-- Test Automation for Dart -->
