<?xml version="1.0" encoding="UTF-8"?>
<!-- Generated by org.testng.reporters.JUnitXMLReporter -->
<testsuite hostname="STV-PC-032" ignored="0" name="Test Automation for Kite" tests="1" failures="0" timestamp="2022-10-27T13:09:09 IST" time="1.935" errors="0">
  <testcase name="@BeforeMethod beforeMethodMethod" time="0.274" classname="test.java.BaseTest">
    <failure type="java.lang.NoClassDefFoundError" message="org/openqa/selenium/remote/SessionNotFoundException">
      <![CDATA[java.lang.NoClassDefFoundError: org/openqa/selenium/remote/SessionNotFoundException
at test.java.BaseTest.setDriver(BaseTest.java:125)
at test.java.BaseTest.beforeMethodMethod(BaseTest.java:78)
at java.util.ArrayList.forEach(ArrayList.java:1257)
Caused by: java.lang.ClassNotFoundException: org.openqa.selenium.remote.SessionNotFoundException
at java.net.URLClassLoader.findClass(URLClassLoader.java:382)
at java.lang.ClassLoader.loadClass(ClassLoader.java:424)
at sun.misc.Launcher$AppClassLoader.loadClass(Launcher.java:349)
at java.lang.ClassLoader.loadClass(ClassLoader.java:357)
... 38 more
... Removed 35 stack frames]]>
    </failure>
  </testcase> <!-- @BeforeMethod beforeMethodMethod -->
  <testcase name="@AfterMethod afterMethodMethod" time="0.0" classname="test.java.BaseTest">
    <skipped/>
  </testcase> <!-- @AfterMethod afterMethodMethod -->
  <testcase name="AddEnterpriseMethod" time="0.0" classname="test.java.kite.AddEnterpriseTest">
    <skipped/>
  </testcase> <!-- AddEnterpriseMethod -->
</testsuite> <!-- Test Automation for Kite -->
