<?xml version="1.0" encoding="UTF-8"?>
<testsuite xmlns:xsi="http://www.w3.org/2001/XMLSchema-instance" xsi:noNamespaceSchemaLocation="https://maven.apache.org/surefire/maven-surefire-plugin/xsd/surefire-test-report-3.0.xsd" version="3.0" name="TestSuite" time="89.13" tests="3" errors="0" skipped="0" failures="1">
  <properties>
[...]
</properties>
  <testcase name="LoginMethodDart" classname="test.java.dart.LoginTest" time="7.563">
    <system-err><![CDATA[Sep 18, 2022 11:48:02 PM io.github.bonigarcia.wdm.WebDriverManager resolveDriverVersion
INFO: Using chromedriver 105.0.5195.52 (resolved driver for Chrome 105)
Sep 18, 2022 11:48:02 PM io.github.bonigarcia.wdm.WebDriverManager exportDriver
INFO: Exporting webdriver.chrome.driver as /Users/apple/.cache/selenium/chromedriver/mac64/105.0.5195.52/chromedriver
Starting ChromeDriver 105.0.5195.52 (412c95e518836d8a7d97250d62b29c2ae6a26a85-refs/branch-heads/5195@{#853}) on port 25566
Only local connections are allowed.
Please see https://chromedriver.chromium.org/security-considerations for suggestions on keeping ChromeDriver safe.
ChromeDriver was started successfully.
Sep 18, 2022 11:48:04 PM org.openqa.selenium.remote.ProtocolHandshake createSession
INFO: Detected dialect: W3C
]]></system-err>
  </testcase>
  <testcase name="AddNewUserMethod[, sethiya, 8008008014, sethiya.dinesh@mailinator.com](1)" classname="test.java.dart.AddNewUserTest" time="17.543">
    <failure message="no such element: Unable to locate element: {&quot;method&quot;:&quot;xpath&quot;,&quot;selector&quot;:&quot;/html/body/app-root/app-post-auth/app-post-auth-menu/div/div[2]/div[6]/app-menu-item/div/div&quot;}&#10;  (Session info: chrome=105.0.5195.125)&#10;For documentation on this error, please visit: https://www.seleniumhq.org/exceptions/no_such_element.html&#10;Build info: version: &apos;3.141.59&apos;, revision: &apos;e82be7d358&apos;, time: &apos;2018-11-14T08:17:03&apos;&#10;System info: host: &apos;Apples-MacBook-Pro-2.local&apos;, ip: &apos;fe80:0:0:0:18b0:5e49:a63f:8e0%en0&apos;, os.name: &apos;Mac OS X&apos;, os.arch: &apos;x86_64&apos;, os.version: &apos;10.16&apos;, java.version: &apos;1.8.0_202&apos;&#10;Driver info: org.openqa.selenium.chrome.ChromeDriver&#10;Capabilities {acceptInsecureCerts: false, browserName: chrome, browserVersion: 105.0.5195.125, chrome: {chromedriverVersion: 105.0.5195.52 (412c95e51883..., userDataDir: /var/folders/ry/9swq70b55_9...}, goog:chromeOptions: {debuggerAddress: localhost:64411}, javascriptEnabled: true, networkConnectionEnabled: false, pageLoadStrategy: normal, platform: MAC, platformName: MAC, proxy: Proxy(), setWindowRect: true, strictFileInteractability: false, timeouts: {implicit: 0, pageLoad: 300000, script: 30000}, unhandledPromptBehavior: dismiss and notify, webauthn:extension:credBlob: true, webauthn:extension:largeBlob: true, webauthn:virtualAuthenticators: true}&#10;Session ID: 33af4695ec0e0dc4c9fadc834253a876&#10;*** Element info: {Using=xpath, value=/html/body/app-root/app-post-auth/app-post-auth-menu/div/div[2]/div[6]/app-menu-item/div/div}" type="org.openqa.selenium.NoSuchElementException"><![CDATA[org.openqa.selenium.NoSuchElementException: 
no such element: Unable to locate element: {"method":"xpath","selector":"/html/body/app-root/app-post-auth/app-post-auth-menu/div/div[2]/div[6]/app-menu-item/div/div"}
  (Session info: chrome=105.0.5195.125)
For documentation on this error, please visit: https://www.seleniumhq.org/exceptions/no_such_element.html
Build info: version: '3.141.59', revision: 'e82be7d358', time: '2018-11-14T08:17:03'
System info: host: 'Apples-MacBook-Pro-2.local', ip: 'fe80:0:0:0:18b0:5e49:a63f:8e0%en0', os.name: 'Mac OS X', os.arch: 'x86_64', os.version: '10.16', java.version: '1.8.0_202'
Driver info: org.openqa.selenium.chrome.ChromeDriver
Capabilities {acceptInsecureCerts: false, browserName: chrome, browserVersion: 105.0.5195.125, chrome: {chromedriverVersion: 105.0.5195.52 (412c95e51883..., userDataDir: /var/folders/ry/9swq70b55_9...}, goog:chromeOptions: {debuggerAddress: localhost:64411}, javascriptEnabled: true, networkConnectionEnabled: false, pageLoadStrategy: normal, platform: MAC, platformName: MAC, proxy: Proxy(), setWindowRect: true, strictFileInteractability: false, timeouts: {implicit: 0, pageLoad: 300000, script: 30000}, unhandledPromptBehavior: dismiss and notify, webauthn:extension:credBlob: true, webauthn:extension:largeBlob: true, webauthn:virtualAuthenticators: true}
Session ID: 33af4695ec0e0dc4c9fadc834253a876
*** Element info: {Using=xpath, value=/html/body/app-root/app-post-auth/app-post-auth-menu/div/div[2]/div[6]/app-menu-item/div/div}
	at sun.reflect.NativeConstructorAccessorImpl.newInstance0(Native Method)
	at sun.reflect.NativeConstructorAccessorImpl.newInstance(NativeConstructorAccessorImpl.java:62)
	at sun.reflect.DelegatingConstructorAccessorImpl.newInstance(DelegatingConstructorAccessorImpl.java:45)
	at java.lang.reflect.Constructor.newInstance(Constructor.java:423)
	at org.openqa.selenium.remote.http.W3CHttpResponseCodec.createException(W3CHttpResponseCodec.java:187)
	at org.openqa.selenium.remote.http.W3CHttpResponseCodec.decode(W3CHttpResponseCodec.java:122)
	at org.openqa.selenium.remote.http.W3CHttpResponseCodec.decode(W3CHttpResponseCodec.java:49)
	at org.openqa.selenium.remote.HttpCommandExecutor.execute(HttpCommandExecutor.java:158)
	at org.openqa.selenium.remote.service.DriverCommandExecutor.execute(DriverCommandExecutor.java:83)
	at org.openqa.selenium.remote.RemoteWebDriver.execute(RemoteWebDriver.java:552)
	at org.openqa.selenium.remote.RemoteWebDriver.findElement(RemoteWebDriver.java:323)
	at org.openqa.selenium.remote.RemoteWebDriver.findElementByXPath(RemoteWebDriver.java:428)
	at org.openqa.selenium.By$ByXPath.findElement(By.java:353)
	at org.openqa.selenium.remote.RemoteWebDriver.findElement(RemoteWebDriver.java:315)
	at org.openqa.selenium.support.pagefactory.DefaultElementLocator.findElement(DefaultElementLocator.java:69)
	at org.openqa.selenium.support.pagefactory.internal.LocatingElementHandler.invoke(LocatingElementHandler.java:38)
	at com.sun.proxy.$Proxy18.click(Unknown Source)
	at main.java.dart.pageEvents.SideBarEvents.goToEndUser(SideBarEvents.java:16)
	at test.java.dart.AddNewUserTest.AddNewUserMethod(AddNewUserTest.java:22)
	at sun.reflect.NativeMethodAccessorImpl.invoke0(Native Method)
	at sun.reflect.NativeMethodAccessorImpl.invoke(NativeMethodAccessorImpl.java:62)
	at sun.reflect.DelegatingMethodAccessorImpl.invoke(DelegatingMethodAccessorImpl.java:43)
	at java.lang.reflect.Method.invoke(Method.java:498)
	at org.testng.internal.invokers.MethodInvocationHelper.invokeMethod(MethodInvocationHelper.java:135)
	at org.testng.internal.invokers.TestInvoker.invokeMethod(TestInvoker.java:673)
	at org.testng.internal.invokers.TestInvoker.invokeTestMethod(TestInvoker.java:220)
	at org.testng.internal.invokers.MethodRunner.runInSequence(MethodRunner.java:50)
	at org.testng.internal.invokers.TestInvoker$MethodInvocationAgent.invoke(TestInvoker.java:945)
	at org.testng.internal.invokers.TestInvoker.invokeTestMethods(TestInvoker.java:193)
	at org.testng.internal.invokers.TestMethodWorker.invokeTestMethods(TestMethodWorker.java:146)
	at org.testng.internal.invokers.TestMethodWorker.run(TestMethodWorker.java:128)
	at java.util.ArrayList.forEach(ArrayList.java:1257)
	at org.testng.TestRunner.privateRun(TestRunner.java:808)
	at org.testng.TestRunner.run(TestRunner.java:603)
	at org.testng.SuiteRunner.runTest(SuiteRunner.java:429)
	at org.testng.SuiteRunner.runSequentially(SuiteRunner.java:423)
	at org.testng.SuiteRunner.privateRun(SuiteRunner.java:383)
	at org.testng.SuiteRunner.run(SuiteRunner.java:326)
	at org.testng.SuiteRunnerWorker.runSuite(SuiteRunnerWorker.java:52)
	at org.testng.SuiteRunnerWorker.run(SuiteRunnerWorker.java:95)
	at org.testng.TestNG.runSuitesSequentially(TestNG.java:1249)
	at org.testng.TestNG.runSuitesLocally(TestNG.java:1169)
	at org.testng.TestNG.runSuites(TestNG.java:1092)
	at org.testng.TestNG.run(TestNG.java:1060)
	at org.apache.maven.surefire.testng.TestNGExecutor.run(TestNGExecutor.java:324)
	at org.apache.maven.surefire.testng.TestNGXmlTestSuite.execute(TestNGXmlTestSuite.java:74)
	at org.apache.maven.surefire.testng.TestNGProvider.invoke(TestNGProvider.java:123)
	at org.apache.maven.surefire.booter.ForkedBooter.runSuitesInProcess(ForkedBooter.java:456)
	at org.apache.maven.surefire.booter.ForkedBooter.execute(ForkedBooter.java:169)
	at org.apache.maven.surefire.booter.ForkedBooter.run(ForkedBooter.java:595)
	at org.apache.maven.surefire.booter.ForkedBooter.main(ForkedBooter.java:581)
]]></failure>
    <system-out><![CDATA[iTestResult[TestResult name=AddNewUserMethod status=FAILURE method=AddNewUserTest.AddNewUserMethod(java.lang.String,java.lang.String,java.lang.String,java.lang.String)[pri:0, instance:test.java.dart.AddNewUserTest@44f75083] output={null}]
]]></system-out>
    <system-err><![CDATA[Sep 18, 2022 11:48:25 PM io.github.bonigarcia.wdm.WebDriverManager resolveDriverVersion
INFO: Using chromedriver 105.0.5195.52 (resolved driver for Chrome 105)
Sep 18, 2022 11:48:25 PM io.github.bonigarcia.wdm.WebDriverManager exportDriver
INFO: Exporting webdriver.chrome.driver as /Users/apple/.cache/selenium/chromedriver/mac64/105.0.5195.52/chromedriver
Starting ChromeDriver 105.0.5195.52 (412c95e518836d8a7d97250d62b29c2ae6a26a85-refs/branch-heads/5195@{#853}) on port 7283
Only local connections are allowed.
Please see https://chromedriver.chromium.org/security-considerations for suggestions on keeping ChromeDriver safe.
ChromeDriver was started successfully.
Sep 18, 2022 11:48:26 PM org.openqa.selenium.remote.ProtocolHandshake createSession
INFO: Detected dialect: W3C
]]></system-err>
  </testcase>
  <testcase name="LoginMethodDart" classname="test.java.dart.AddNewUserTest" time="7.387">
    <system-err><![CDATA[Sep 18, 2022 11:48:55 PM io.github.bonigarcia.wdm.WebDriverManager resolveDriverVersion
INFO: Using chromedriver 105.0.5195.52 (resolved driver for Chrome 105)
Sep 18, 2022 11:48:55 PM io.github.bonigarcia.wdm.WebDriverManager exportDriver
INFO: Exporting webdriver.chrome.driver as /Users/apple/.cache/selenium/chromedriver/mac64/105.0.5195.52/chromedriver
Starting ChromeDriver 105.0.5195.52 (412c95e518836d8a7d97250d62b29c2ae6a26a85-refs/branch-heads/5195@{#853}) on port 39570
Only local connections are allowed.
Please see https://chromedriver.chromium.org/security-considerations for suggestions on keeping ChromeDriver safe.
ChromeDriver was started successfully.
Sep 18, 2022 11:48:57 PM org.openqa.selenium.remote.ProtocolHandshake createSession
INFO: Detected dialect: W3C
]]></system-err>
  </testcase>
</testsuite>